2025-07-11 18:53:46.369 [INFO] Begin to build package : DefaultPackage by ScriptableBuildPipeline
2025-07-11 18:53:46.370 [INFO] --------------------------------------------->TaskPrepare<--------------------------------------------
2025-07-11 18:53:46.422 [INFO] Delete package root directory: C:/Project/LuaProject/XLuaUGUIUnity/Bundles/StandaloneWindows/DefaultPackage
2025-07-11 18:53:46.423 [INFO] Create pipeline output directory: C:/Project/LuaProject/XLuaUGUIUnity/Bundles/StandaloneWindows/DefaultPackage/OutputCache
2025-07-11 18:53:46.423 [INFO] TaskPrepare It takes 0 seconds in total
2025-07-11 18:53:46.423 [INFO] --------------------------------------------->TaskGetBuildMap<--------------------------------------------
2025-07-11 18:53:46.947 [INFO] TaskGetBuildMap It takes 0 seconds in total
2025-07-11 18:53:46.947 [INFO] --------------------------------------------->TaskBuilding<--------------------------------------------
2025-07-11 18:53:48.252 [INFO] UnityEngine build success!
2025-07-11 18:53:48.252 [INFO] TaskBuilding It takes 1 seconds in total
2025-07-11 18:53:48.252 [INFO] --------------------------------------------->TaskVerifyBuildResult<--------------------------------------------
2025-07-11 18:53:48.253 [INFO] Build results verify success!
2025-07-11 18:53:48.254 [INFO] TaskVerifyBuildResult It takes 0 seconds in total
2025-07-11 18:53:48.254 [INFO] --------------------------------------------->TaskEncryption<--------------------------------------------
2025-07-11 18:53:48.254 [INFO] TaskEncryption It takes 0 seconds in total
2025-07-11 18:53:48.254 [INFO] --------------------------------------------->TaskUpdateBundleInfo<--------------------------------------------
2025-07-11 18:53:48.277 [INFO] TaskUpdateBundleInfo It takes 0 seconds in total
2025-07-11 18:53:48.277 [INFO] --------------------------------------------->TaskCreateManifest<--------------------------------------------
2025-07-11 18:53:48.283 [INFO] Create package manifest file: C:/Project/LuaProject/XLuaUGUIUnity/Bundles/StandaloneWindows/DefaultPackage/2025-07-11-1133/DefaultPackage_2025-07-11-1133.json
2025-07-11 18:53:48.299 [INFO] Create package manifest file: C:/Project/LuaProject/XLuaUGUIUnity/Bundles/StandaloneWindows/DefaultPackage/2025-07-11-1133/DefaultPackage_2025-07-11-1133.bytes
2025-07-11 18:53:48.300 [INFO] Create package manifest hash file: C:/Project/LuaProject/XLuaUGUIUnity/Bundles/StandaloneWindows/DefaultPackage/2025-07-11-1133/DefaultPackage_2025-07-11-1133.hash
2025-07-11 18:53:48.300 [INFO] Create package manifest version file: C:/Project/LuaProject/XLuaUGUIUnity/Bundles/StandaloneWindows/DefaultPackage/2025-07-11-1133/DefaultPackage.version
2025-07-11 18:53:48.302 [INFO] TaskCreateManifest It takes 0 seconds in total
2025-07-11 18:53:48.303 [INFO] --------------------------------------------->TaskCreateReport<--------------------------------------------
2025-07-11 18:53:48.307 [INFO] Create build report file: C:/Project/LuaProject/XLuaUGUIUnity/Bundles/StandaloneWindows/DefaultPackage/2025-07-11-1133/DefaultPackage_2025-07-11-1133.report
2025-07-11 18:53:48.307 [INFO] TaskCreateReport It takes 0 seconds in total
2025-07-11 18:53:48.307 [INFO] --------------------------------------------->TaskCreatePackage<--------------------------------------------
2025-07-11 18:53:48.307 [INFO] Start making patch package: C:/Project/LuaProject/XLuaUGUIUnity/Bundles/StandaloneWindows/DefaultPackage/2025-07-11-1133
2025-07-11 18:53:48.316 [INFO] TaskCreatePackage It takes 0 seconds in total
2025-07-11 18:53:48.317 [INFO] --------------------------------------------->TaskCopyBuildinFiles<--------------------------------------------
2025-07-11 18:53:48.469 [INFO] Buildin files copy complete: C:/Project/LuaProject/XLuaUGUIUnity/Assets/StreamingAssets/yoo/DefaultPackage
2025-07-11 18:53:48.469 [INFO] TaskCopyBuildinFiles It takes 0 seconds in total
2025-07-11 18:53:48.469 [INFO] --------------------------------------------->TaskCreateCatalog<--------------------------------------------
2025-07-11 18:53:48.542 [INFO] TaskCreateCatalog It takes 0 seconds in total
2025-07-11 18:53:48.542 [INFO] Total build process time: 1 seconds
2025-07-11 18:53:48.543 [INFO] Resource pipeline build success
